<?xml version="1.0" encoding="UTF-8"?>
<!-- Generated by org.testng.reporters.JUnitReportReporter -->
<testsuite hostname="Aswinikumars-MacBook-Pro.local" name="twc.Regression.TestCases.regressionTestCases" tests="46" failures="0" timestamp="18 Aug 2021 17:40:08 GMT" time="9.480" errors="0">
  <testcase name="Verify_Criteo_SDK_inapp_v2_Call_displayUrl_parameter_with_Feed2_gampad_call" time="0.138" classname="twc.Regression.TestCases.regressionTestCases"/>
  <testcase name="Verify_Criteo_SDK_config_app_Call" time="1.337" classname="twc.Regression.TestCases.regressionTestCases"/>
  <testcase name="Verify_Criteo_SDK_inapp_v2_Call" time="0.263" classname="twc.Regression.TestCases.regressionTestCases"/>
  <testcase name="Verify_Criteo_SDK_inapp_v2_Call_size_parameter_with_Feed1_gampad_call" time="0.152" classname="twc.Regression.TestCases.regressionTestCases"/>
  <testcase name="Verify_Criteo_SDK_inapp_v2_Call_size_parameter_with_Feed3_gampad_call" time="0.144" classname="twc.Regression.TestCases.regressionTestCases"/>
  <testcase name="Verify_Criteo_SDK_inapp_v2_Call_cpm_parameter_with_Feed5_gampad_call" time="0.120" classname="twc.Regression.TestCases.regressionTestCases"/>
  <testcase name="Verify_Criteo_SDK_inapp_v2_Call_displayUrl_parameter_with_daily_details_gampad_call" time="0.121" classname="twc.Regression.TestCases.regressionTestCases"/>
  <testcase name="Verify_Criteo_SDK_inapp_v2_Call_cpm_parameter_with_Feed4_gampad_call" time="0.124" classname="twc.Regression.TestCases.regressionTestCases"/>
  <testcase name="Verify_Criteo_SDK_inapp_v2_Call_cpm_parameter_with_Feed2_gampad_call" time="0.320" classname="twc.Regression.TestCases.regressionTestCases"/>
  <testcase name="Verify_Criteo_SDK_inapp_v2_Call_cpm_parameter_with_daily_details_gampad_call" time="0.148" classname="twc.Regression.TestCases.regressionTestCases"/>
  <testcase name="Verify_Criteo_SDK_inapp_v2_Call_size_parameter_with_daily_details_gampad_call" time="0.162" classname="twc.Regression.TestCases.regressionTestCases"/>
  <testcase name="Verify_Criteo_SDK_inapp_v2_Call_size_parameter_with_today_details_gampad_call" time="0.112" classname="twc.Regression.TestCases.regressionTestCases"/>
  <testcase name="Verify_Criteo_SDK_inapp_v2_Call_cpm_parameter_with_Feed1_gampad_call" time="0.169" classname="twc.Regression.TestCases.regressionTestCases"/>
  <testcase name="Verify_Criteo_SDK_inapp_v2_Call_displayUrl_parameter_with_Running_details_gampad_call" time="0.148" classname="twc.Regression.TestCases.regressionTestCases"/>
  <testcase name="Verify_Criteo_SDK_inapp_v2_Call_displayUrl_parameter_with_SeasonalHub_details_gampad_call" time="0.120" classname="twc.Regression.TestCases.regressionTestCases"/>
  <testcase name="Verify_Criteo_SDK_inapp_v2_Call_cpm_parameter_with_today_details_gampad_call" time="0.120" classname="twc.Regression.TestCases.regressionTestCases"/>
  <testcase name="Verify_Criteo_SDK_inapp_v2_Call_size_parameter_with_map_details_gampad_call" time="0.151" classname="twc.Regression.TestCases.regressionTestCases"/>
  <testcase name="Verify_Criteo_SDK_inapp_v2_Call_cpm_parameter_with_boatAndBeach_details_gampad_call" time="0.274" classname="twc.Regression.TestCases.regressionTestCases"/>
  <testcase name="Verify_Criteo_SDK_inapp_v2_Call_cpm_parameter_with_map_details_gampad_call" time="0.140" classname="twc.Regression.TestCases.regressionTestCases"/>
  <testcase name="Verify_Criteo_SDK_inapp_v2_Call_displayUrl_parameter_with_Feed1_gampad_call" time="0.124" classname="twc.Regression.TestCases.regressionTestCases"/>
  <testcase name="Verify_Criteo_SDK_inapp_v2_Call_displayUrl_parameter_with_today_details_gampad_call" time="0.121" classname="twc.Regression.TestCases.regressionTestCases"/>
  <testcase name="Verify_Criteo_SDK_inapp_v2_Call_displayUrl_parameter_with_boatAndBeach_details_gampad_call" time="0.285" classname="twc.Regression.TestCases.regressionTestCases"/>
  <testcase name="Verify_Criteo_SDK_inapp_v2_Call_size_parameter_with_Feed5_gampad_call" time="0.140" classname="twc.Regression.TestCases.regressionTestCases"/>
  <testcase name="Verify_Criteo_SDK_inapp_v2_Call_cpm_parameter_with_hourly_details_gampad_call" time="0.118" classname="twc.Regression.TestCases.regressionTestCases"/>
  <testcase name="Verify_Criteo_SDK_inapp_v2_Call_displayUrl_parameter_with_homescreen_hourly_gampad_call" time="0.139" classname="twc.Regression.TestCases.regressionTestCases"/>
  <testcase name="Verify_Criteo_SDK_inapp_v2_Call_size_parameter_with_Running_details_gampad_call" time="0.145" classname="twc.Regression.TestCases.regressionTestCases"/>
  <testcase name="Validate_Criteo_SDK_config_app_Call_bundleId_parameter" time="0.347" classname="twc.Regression.TestCases.regressionTestCases"/>
  <testcase name="Verify_Criteo_SDK_inapp_v2_Call_size_parameter_with_Feed4_gampad_call" time="0.433" classname="twc.Regression.TestCases.regressionTestCases"/>
  <testcase name="Verify_Criteo_SDK_inapp_v2_Call_displayUrl_parameter_with_map_details_gampad_call" time="0.182" classname="twc.Regression.TestCases.regressionTestCases"/>
  <testcase name="Validate_Criteo_SDK_config_app_Call_cpId_parameter" time="0.729" classname="twc.Regression.TestCases.regressionTestCases"/>
  <testcase name="Verify_Criteo_SDK_inapp_v2_Call_cpm_parameter_with_aq_details_gampad_call" time="0.125" classname="twc.Regression.TestCases.regressionTestCases"/>
  <testcase name="Verify_Criteo_SDK_inapp_v2_Call_displayUrl_parameter_with_Feed5_gampad_call" time="0.115" classname="twc.Regression.TestCases.regressionTestCases"/>
  <testcase name="Validate_Criteo_SDK_config_app_Call_sdkVersion_parameter" time="0.382" classname="twc.Regression.TestCases.regressionTestCases"/>
  <testcase name="Verify_Criteo_SDK_inapp_v2_Call_displayUrl_parameter_with_Feed4_gampad_call" time="0.125" classname="twc.Regression.TestCases.regressionTestCases"/>
  <testcase name="Verify_Criteo_SDK_inapp_v2_Call_size_parameter_with_SeasonalHub_details_gampad_call" time="0.123" classname="twc.Regression.TestCases.regressionTestCases"/>
  <testcase name="Verify_Criteo_SDK_inapp_v2_Call_cpm_parameter_with_Running_details_gampad_call" time="0.140" classname="twc.Regression.TestCases.regressionTestCases"/>
  <testcase name="Verify_Criteo_SDK_inapp_v2_Call_displayUrl_parameter_with_Feed3_gampad_call" time="0.119" classname="twc.Regression.TestCases.regressionTestCases"/>
  <testcase name="Verify_Criteo_SDK_inapp_v2_Call_displayUrl_parameter_with_aq_details_gampad_call" time="0.168" classname="twc.Regression.TestCases.regressionTestCases"/>
  <testcase name="Verify_Criteo_SDK_inapp_v2_Call_size_parameter_with_aq_details_gampad_call" time="0.115" classname="twc.Regression.TestCases.regressionTestCases"/>
  <testcase name="Verify_Criteo_SDK_inapp_v2_Call_size_parameter_with_homescreen_hourly_gampad_call" time="0.164" classname="twc.Regression.TestCases.regressionTestCases"/>
  <testcase name="Verify_Criteo_SDK_inapp_v2_Call_size_parameter_with_hourly_details_gampad_call" time="0.123" classname="twc.Regression.TestCases.regressionTestCases"/>
  <testcase name="Verify_Criteo_SDK_inapp_v2_Call_size_parameter_with_Feed2_gampad_call" time="0.134" classname="twc.Regression.TestCases.regressionTestCases"/>
  <testcase name="Verify_Criteo_SDK_inapp_v2_Call_cpm_parameter_with_Feed3_gampad_call" time="0.127" classname="twc.Regression.TestCases.regressionTestCases"/>
  <testcase name="Verify_Criteo_SDK_inapp_v2_Call_displayUrl_parameter_with_hourly_details_gampad_call" time="0.119" classname="twc.Regression.TestCases.regressionTestCases"/>
  <testcase name="Verify_Criteo_SDK_inapp_v2_Call_cpm_parameter_with_SeasonalHub_details_gampad_call" time="0.118" classname="twc.Regression.TestCases.regressionTestCases"/>
  <testcase name="Verify_Criteo_SDK_inapp_v2_Call_size_parameter_with_boatAndBeach_details_gampad_call" time="0.257" classname="twc.Regression.TestCases.regressionTestCases"/>
</testsuite> <!-- twc.Regression.TestCases.regressionTestCases -->
